<?xml version="1.0" encoding="UTF-8" standalone="yes"?><!DOCTYPE report PUBLIC "-//JACOCO//DTD Report 1.1//EN" "report.dtd"><report name="config-migration"><sessioninfo id="markwork-b8c7011c" start="1554830524073" dump="1554830528708"/><package name="com/quorum/tessera/config/migration"><class name="com/quorum/tessera/config/migration/Main" sourcefilename="Main.java"><method name="&lt;init&gt;" desc="()V" line="5"><counter type="INSTRUCTION" missed="3" covered="0"/><counter type="LINE" missed="1" covered="0"/><counter type="COMPLEXITY" missed="1" covered="0"/><counter type="METHOD" missed="1" covered="0"/></method><method name="main" desc="([Ljava/lang/String;)V" line="8"><counter type="INSTRUCTION" missed="29" covered="0"/><counter type="LINE" missed="10" covered="0"/><counter type="COMPLEXITY" missed="1" covered="0"/><counter type="METHOD" missed="1" covered="0"/></method><counter type="INSTRUCTION" missed="32" covered="0"/><counter type="LINE" missed="11" covered="0"/><counter type="COMPLEXITY" missed="2" covered="0"/><counter type="METHOD" missed="2" covered="0"/><counter type="CLASS" missed="1" covered="0"/></class><class name="com/quorum/tessera/config/migration/TomlConfigFactory" sourcefilename="TomlConfigFactory.java"><method name="&lt;init&gt;" desc="()V" line="22"><counter type="INSTRUCTION" missed="0" covered="3"/><counter type="LINE" missed="0" covered="1"/><counter type="COMPLEXITY" missed="0" covered="1"/><counter type="METHOD" missed="0" covered="1"/></method><method name="create" desc="(Ljava/io/InputStream;Lcom/quorum/tessera/config/ArgonOptions;[Ljava/lang/String;)Lcom/quorum/tessera/config/builder/ConfigBuilder;" line="27"><counter type="INSTRUCTION" missed="0" covered="231"/><counter type="BRANCH" missed="0" covered="4"/><counter type="LINE" missed="0" covered="54"/><counter type="COMPLEXITY" missed="0" covered="3"/><counter type="METHOD" missed="0" covered="1"/></method><method name="createKeyDataBuilder" desc="(Ljava/io/InputStream;)Lcom/quorum/tessera/config/builder/KeyDataBuilder;" line="107"><counter type="INSTRUCTION" missed="0" covered="34"/><counter type="LINE" missed="0" covered="10"/><counter type="COMPLEXITY" missed="0" covered="1"/><counter type="METHOD" missed="0" covered="1"/></method><method name="lambda$create$2" desc="(Ljava/net/URL;)Ljava/lang/String;" line="43"><counter type="INSTRUCTION" missed="0" covered="13"/><counter type="LINE" missed="0" covered="1"/><counter type="COMPLEXITY" missed="0" covered="1"/><counter type="METHOD" missed="0" covered="1"/></method><method name="lambda$create$1" desc="(Ljava/lang/String;)Ljava/net/URL;" line="39"><counter type="INSTRUCTION" missed="0" covered="19"/><counter type="LINE" missed="0" covered="3"/><counter type="COMPLEXITY" missed="0" covered="1"/><counter type="METHOD" missed="0" covered="1"/></method><method name="lambda$create$0" desc="(Ljava/lang/String;Ljava/lang/Object;)V" line="33"><counter type="INSTRUCTION" missed="0" covered="6"/><counter type="LINE" missed="0" covered="1"/><counter type="COMPLEXITY" missed="0" covered="1"/><counter type="METHOD" missed="0" covered="1"/></method><method name="&lt;clinit&gt;" desc="()V" line="24"><counter type="INSTRUCTION" missed="0" covered="4"/><counter type="LINE" missed="0" covered="1"/><counter type="COMPLEXITY" missed="0" covered="1"/><counter type="METHOD" missed="0" covered="1"/></method><counter type="INSTRUCTION" missed="0" covered="310"/><counter type="BRANCH" missed="0" covered="4"/><counter type="LINE" missed="0" covered="69"/><counter type="COMPLEXITY" missed="0" covered="9"/><counter type="METHOD" missed="0" covered="7"/><counter type="CLASS" missed="0" covered="1"/></class><class name="com/quorum/tessera/config/migration/LegacyCliAdapter" sourcefilename="LegacyCliAdapter.java"><method name="&lt;init&gt;" desc="()V" line="33"><counter type="INSTRUCTION" missed="0" covered="11"/><counter type="LINE" missed="0" covered="4"/><counter type="COMPLEXITY" missed="0" covered="1"/><counter type="METHOD" missed="0" covered="1"/></method><method name="execute" desc="([Ljava/lang/String;)Lcom/quorum/tessera/config/cli/CliResult;" line="44"><counter type="INSTRUCTION" missed="0" covered="131"/><counter type="BRANCH" missed="0" covered="6"/><counter type="LINE" missed="0" covered="29"/><counter type="COMPLEXITY" missed="0" covered="4"/><counter type="METHOD" missed="0" covered="1"/></method><method name="writeToOutputFile" desc="(Lcom/quorum/tessera/config/Config;Ljava/nio/file/Path;)Lcom/quorum/tessera/config/cli/CliResult;" line="89"><counter type="INSTRUCTION" missed="0" covered="100"/><counter type="LINE" missed="0" covered="19"/><counter type="COMPLEXITY" missed="0" covered="1"/><counter type="METHOD" missed="0" covered="1"/></method><method name="applyOverrides" desc="(Lorg/apache/commons/cli/CommandLine;Lcom/quorum/tessera/config/builder/ConfigBuilder;Lcom/quorum/tessera/config/builder/KeyDataBuilder;)Lcom/quorum/tessera/config/builder/ConfigBuilder;" line="115"><counter type="INSTRUCTION" missed="0" covered="280"/><counter type="BRANCH" missed="0" covered="6"/><counter type="LINE" missed="0" covered="66"/><counter type="COMPLEXITY" missed="0" covered="4"/><counter type="METHOD" missed="0" covered="1"/></method><method name="buildOptions" desc="()Lorg/apache/commons/cli/Options;" line="219"><counter type="INSTRUCTION" missed="0" covered="348"/><counter type="LINE" missed="0" covered="194"/><counter type="COMPLEXITY" missed="0" covered="1"/><counter type="METHOD" missed="0" covered="1"/></method><method name="lambda$applyOverrides$7" desc="(Ljava/net/URL;)Ljava/lang/String;" line="128"><counter type="INSTRUCTION" missed="0" covered="13"/><counter type="LINE" missed="0" covered="1"/><counter type="COMPLEXITY" missed="0" covered="1"/><counter type="METHOD" missed="0" covered="1"/></method><method name="lambda$applyOverrides$6" desc="(Ljava/lang/String;)Ljava/net/URL;" line="124"><counter type="INSTRUCTION" missed="0" covered="19"/><counter type="LINE" missed="0" covered="3"/><counter type="COMPLEXITY" missed="0" covered="1"/><counter type="METHOD" missed="0" covered="1"/></method><method name="lambda$writeToOutputFile$5" desc="(Ljavax/validation/ConstraintViolation;)Ljava/lang/String;" line="103"><counter type="INSTRUCTION" missed="0" covered="15"/><counter type="LINE" missed="0" covered="1"/><counter type="COMPLEXITY" missed="0" covered="1"/><counter type="METHOD" missed="0" covered="1"/></method><method name="lambda$execute$4" desc="(Lcom/quorum/tessera/io/FilesDelegate;Ljava/nio/file/Path;)Ljava/io/InputStream;" line="73"><counter type="INSTRUCTION" missed="0" covered="6"/><counter type="LINE" missed="0" covered="1"/><counter type="COMPLEXITY" missed="0" covered="1"/><counter type="METHOD" missed="0" covered="1"/></method><method name="lambda$execute$3" desc="(Ljava/lang/String;)Ljava/nio/file/Path;" line="72"><counter type="INSTRUCTION" missed="0" covered="5"/><counter type="LINE" missed="0" covered="1"/><counter type="COMPLEXITY" missed="0" covered="1"/><counter type="METHOD" missed="0" covered="1"/></method><method name="lambda$execute$2" desc="(Ljava/io/InputStream;)Lcom/quorum/tessera/config/builder/ConfigBuilder;" line="68"><counter type="INSTRUCTION" missed="0" covered="8"/><counter type="LINE" missed="0" covered="1"/><counter type="COMPLEXITY" missed="0" covered="1"/><counter type="METHOD" missed="0" covered="1"/></method><method name="lambda$execute$1" desc="(Lcom/quorum/tessera/io/FilesDelegate;Ljava/nio/file/Path;)Ljava/io/InputStream;" line="67"><counter type="INSTRUCTION" missed="0" covered="6"/><counter type="LINE" missed="0" covered="1"/><counter type="COMPLEXITY" missed="0" covered="1"/><counter type="METHOD" missed="0" covered="1"/></method><method name="lambda$execute$0" desc="(Ljava/lang/String;)Ljava/nio/file/Path;" line="66"><counter type="INSTRUCTION" missed="0" covered="5"/><counter type="LINE" missed="0" covered="1"/><counter type="COMPLEXITY" missed="0" covered="1"/><counter type="METHOD" missed="0" covered="1"/></method><counter type="INSTRUCTION" missed="0" covered="947"/><counter type="BRANCH" missed="0" covered="12"/><counter type="LINE" missed="0" covered="315"/><counter type="COMPLEXITY" missed="0" covered="19"/><counter type="METHOD" missed="0" covered="13"/><counter type="CLASS" missed="0" covered="1"/></class><sourcefile name="TomlConfigFactory.java"><line nr="22" mi="0" ci="3" mb="0" cb="0"/><line nr="24" mi="0" ci="4" mb="0" cb="0"/><line nr="27" mi="0" ci="4" mb="0" cb="0"/><line nr="28" mi="0" ci="3" mb="0" cb="2"/><line nr="29" mi="0" ci="5" mb="0" cb="0"/><line nr="32" mi="0" ci="6" mb="0" cb="0"/><line nr="33" mi="0" ci="10" mb="0" cb="0"/><line nr="35" mi="0" ci="2" mb="0" cb="0"/><line nr="36" mi="0" ci="3" mb="0" cb="0"/><line nr="37" mi="0" ci="2" mb="0" cb="0"/><line nr="39" mi="0" ci="5" mb="0" cb="0"/><line nr="40" mi="0" ci="1" mb="0" cb="0"/><line nr="41" mi="0" ci="13" mb="0" cb="0"/><line nr="43" mi="0" ci="15" mb="0" cb="0"/><line nr="44" mi="0" ci="3" mb="0" cb="0"/><line nr="46" mi="0" ci="5" mb="0" cb="0"/><line nr="47" mi="0" ci="2" mb="0" cb="0"/><line nr="48" mi="0" ci="3" mb="0" cb="0"/><line nr="50" mi="0" ci="5" mb="0" cb="0"/><line nr="51" mi="0" ci="4" mb="0" cb="0"/><line nr="53" mi="0" ci="6" mb="0" cb="0"/><line nr="55" mi="0" ci="5" mb="0" cb="0"/><line nr="57" mi="0" ci="5" mb="0" cb="0"/><line nr="59" mi="0" ci="5" mb="0" cb="0"/><line nr="61" mi="0" ci="5" mb="0" cb="0"/><line nr="62" mi="0" ci="7" mb="0" cb="2"/><line nr="65" mi="0" ci="5" mb="0" cb="0"/><line nr="66" mi="0" ci="5" mb="0" cb="0"/><line nr="67" mi="0" ci="5" mb="0" cb="0"/><line nr="68" mi="0" ci="6" mb="0" cb="0"/><line nr="69" mi="0" ci="5" mb="0" cb="0"/><line nr="72" mi="0" ci="5" mb="0" cb="0"/><line nr="73" mi="0" ci="5" mb="0" cb="0"/><line nr="74" mi="0" ci="5" mb="0" cb="0"/><line nr="75" mi="0" ci="6" mb="0" cb="0"/><line nr="76" mi="0" ci="5" mb="0" cb="0"/><line nr="78" mi="0" ci="2" mb="0" cb="0"/><line nr="79" mi="0" ci="2" mb="0" cb="0"/><line nr="80" mi="0" ci="2" mb="0" cb="0"/><line nr="81" mi="0" ci="2" mb="0" cb="0"/><line nr="82" mi="0" ci="3" mb="0" cb="0"/><line nr="83" mi="0" ci="3" mb="0" cb="0"/><line nr="84" mi="0" ci="3" mb="0" cb="0"/><line nr="85" mi="0" ci="2" mb="0" cb="0"/><line nr="86" mi="0" ci="2" mb="0" cb="0"/><line nr="87" mi="0" ci="2" mb="0" cb="0"/><line nr="88" mi="0" ci="2" mb="0" cb="0"/><line nr="90" mi="0" ci="7" mb="0" cb="0"/><line nr="91" mi="0" ci="7" mb="0" cb="0"/><line nr="92" mi="0" ci="7" mb="0" cb="0"/><line nr="93" mi="0" ci="7" mb="0" cb="0"/><line nr="94" mi="0" ci="7" mb="0" cb="0"/><line nr="95" mi="0" ci="7" mb="0" cb="0"/><line nr="96" mi="0" ci="7" mb="0" cb="0"/><line nr="97" mi="0" ci="7" mb="0" cb="0"/><line nr="99" mi="0" ci="3" mb="0" cb="0"/><line nr="100" mi="0" ci="6" mb="0" cb="0"/><line nr="101" mi="0" ci="1" mb="0" cb="0"/><line nr="103" mi="0" ci="2" mb="0" cb="0"/><line nr="107" mi="0" ci="6" mb="0" cb="0"/><line nr="109" mi="0" ci="5" mb="0" cb="0"/><line nr="111" mi="0" ci="5" mb="0" cb="0"/><line nr="113" mi="0" ci="4" mb="0" cb="0"/><line nr="115" mi="0" ci="4" mb="0" cb="0"/><line nr="117" mi="0" ci="3" mb="0" cb="0"/><line nr="118" mi="0" ci="2" mb="0" cb="0"/><line nr="119" mi="0" ci="2" mb="0" cb="0"/><line nr="120" mi="0" ci="2" mb="0" cb="0"/><line nr="121" mi="0" ci="1" mb="0" cb="0"/><counter type="INSTRUCTION" missed="0" covered="310"/><counter type="BRANCH" missed="0" covered="4"/><counter type="LINE" missed="0" covered="69"/><counter type="COMPLEXITY" missed="0" covered="9"/><counter type="METHOD" missed="0" covered="7"/><counter type="CLASS" missed="0" covered="1"/></sourcefile><sourcefile name="LegacyCliAdapter.java"><line nr="33" mi="0" ci="3" mb="0" cb="0"/><line nr="37" mi="0" ci="2" mb="0" cb="0"/><line nr="38" mi="0" ci="5" mb="0" cb="0"/><line nr="39" mi="0" ci="1" mb="0" cb="0"/><line nr="44" mi="0" ci="2" mb="0" cb="0"/><line nr="45" mi="0" ci="3" mb="0" cb="0"/><line nr="46" mi="0" ci="7" mb="0" cb="4"/><line nr="47" mi="0" ci="2" mb="0" cb="0"/><line nr="48" mi="0" ci="4" mb="0" cb="0"/><line nr="50" mi="0" ci="7" mb="0" cb="0"/><line nr="51" mi="0" ci="8" mb="0" cb="0"/><line nr="53" mi="0" ci="2" mb="0" cb="0"/><line nr="54" mi="0" ci="3" mb="0" cb="0"/><line nr="55" mi="0" ci="2" mb="0" cb="0"/><line nr="57" mi="0" ci="7" mb="0" cb="2"/><line nr="58" mi="0" ci="8" mb="0" cb="0"/><line nr="61" mi="0" ci="4" mb="0" cb="0"/><line nr="63" mi="0" ci="5" mb="0" cb="0"/><line nr="65" mi="0" ci="5" mb="0" cb="0"/><line nr="66" mi="0" ci="12" mb="0" cb="0"/><line nr="67" mi="0" ci="9" mb="0" cb="0"/><line nr="68" mi="0" ci="9" mb="0" cb="0"/><line nr="69" mi="0" ci="4" mb="0" cb="0"/><line nr="71" mi="0" ci="5" mb="0" cb="0"/><line nr="72" mi="0" ci="12" mb="0" cb="0"/><line nr="73" mi="0" ci="13" mb="0" cb="0"/><line nr="74" mi="0" ci="1" mb="0" cb="0"/><line nr="75" mi="0" ci="4" mb="0" cb="0"/><line nr="77" mi="0" ci="5" mb="0" cb="0"/><line nr="79" mi="0" ci="3" mb="0" cb="0"/><line nr="81" mi="0" ci="5" mb="0" cb="0"/><line nr="83" mi="0" ci="6" mb="0" cb="0"/><line nr="85" mi="0" ci="4" mb="0" cb="0"/><line nr="89" mi="0" ci="2" mb="0" cb="0"/><line nr="90" mi="0" ci="11" mb="0" cb="0"/><line nr="91" mi="0" ci="3" mb="0" cb="0"/><line nr="92" mi="0" ci="4" mb="0" cb="0"/><line nr="93" mi="0" ci="3" mb="0" cb="0"/><line nr="95" mi="0" ci="7" mb="0" cb="0"/><line nr="96" mi="0" ci="3" mb="0" cb="0"/><line nr="97" mi="0" ci="11" mb="0" cb="0"/><line nr="98" mi="0" ci="3" mb="0" cb="0"/><line nr="99" mi="0" ci="10" mb="0" cb="0"/><line nr="100" mi="0" ci="1" mb="0" cb="0"/><line nr="101" mi="0" ci="2" mb="0" cb="0"/><line nr="102" mi="0" ci="2" mb="0" cb="0"/><line nr="103" mi="0" ci="17" mb="0" cb="0"/><line nr="104" mi="0" ci="6" mb="0" cb="0"/><line nr="106" mi="0" ci="8" mb="0" cb="0"/><line nr="107" mi="0" ci="11" mb="0" cb="0"/><line nr="108" mi="0" ci="3" mb="0" cb="0"/><line nr="109" mi="0" ci="8" mb="0" cb="0"/><line nr="115" mi="0" ci="9" mb="0" cb="0"/><line nr="116" mi="0" ci="1" mb="0" cb="0"/><line nr="118" mi="0" ci="9" mb="0" cb="0"/><line nr="119" mi="0" ci="1" mb="0" cb="0"/><line nr="121" mi="0" ci="5" mb="0" cb="0"/><line nr="122" mi="0" ci="2" mb="0" cb="0"/><line nr="124" mi="0" ci="5" mb="0" cb="0"/><line nr="125" mi="0" ci="1" mb="0" cb="0"/><line nr="126" mi="0" ci="13" mb="0" cb="0"/><line nr="128" mi="0" ci="19" mb="0" cb="0"/><line nr="129" mi="0" ci="1" mb="0" cb="0"/><line nr="131" mi="0" ci="5" mb="0" cb="0"/><line nr="132" mi="0" ci="6" mb="0" cb="0"/><line nr="133" mi="0" ci="1" mb="0" cb="0"/><line nr="135" mi="0" ci="9" mb="0" cb="0"/><line nr="136" mi="0" ci="1" mb="0" cb="0"/><line nr="138" mi="0" ci="5" mb="0" cb="0"/><line nr="139" mi="0" ci="6" mb="0" cb="0"/><line nr="140" mi="0" ci="1" mb="0" cb="0"/><line nr="142" mi="0" ci="5" mb="0" cb="0"/><line nr="143" mi="0" ci="6" mb="0" cb="0"/><line nr="144" mi="0" ci="1" mb="0" cb="0"/><line nr="146" mi="0" ci="5" mb="0" cb="0"/><line nr="147" mi="0" ci="6" mb="0" cb="0"/><line nr="148" mi="0" ci="1" mb="0" cb="0"/><line nr="150" mi="0" ci="5" mb="0" cb="0"/><line nr="151" mi="0" ci="6" mb="0" cb="0"/><line nr="152" mi="0" ci="1" mb="0" cb="0"/><line nr="154" mi="0" ci="9" mb="0" cb="0"/><line nr="155" mi="0" ci="1" mb="0" cb="0"/><line nr="157" mi="0" ci="5" mb="0" cb="0"/><line nr="158" mi="0" ci="6" mb="0" cb="0"/><line nr="159" mi="0" ci="1" mb="0" cb="0"/><line nr="161" mi="0" ci="4" mb="0" cb="2"/><line nr="162" mi="0" ci="4" mb="0" cb="0"/><line nr="165" mi="0" ci="5" mb="0" cb="0"/><line nr="166" mi="0" ci="2" mb="0" cb="0"/><line nr="167" mi="0" ci="6" mb="0" cb="0"/><line nr="168" mi="0" ci="1" mb="0" cb="0"/><line nr="170" mi="0" ci="5" mb="0" cb="0"/><line nr="171" mi="0" ci="6" mb="0" cb="0"/><line nr="172" mi="0" ci="1" mb="0" cb="0"/><line nr="174" mi="0" ci="5" mb="0" cb="0"/><line nr="175" mi="0" ci="6" mb="0" cb="0"/><line nr="176" mi="0" ci="1" mb="0" cb="0"/><line nr="178" mi="0" ci="9" mb="0" cb="0"/><line nr="179" mi="0" ci="1" mb="0" cb="0"/><line nr="181" mi="0" ci="9" mb="0" cb="0"/><line nr="182" mi="0" ci="1" mb="0" cb="0"/><line nr="184" mi="0" ci="5" mb="0" cb="0"/><line nr="185" mi="0" ci="6" mb="0" cb="0"/><line nr="186" mi="0" ci="1" mb="0" cb="0"/><line nr="188" mi="0" ci="5" mb="0" cb="0"/><line nr="189" mi="0" ci="6" mb="0" cb="0"/><line nr="190" mi="0" ci="1" mb="0" cb="0"/><line nr="192" mi="0" ci="9" mb="0" cb="0"/><line nr="193" mi="0" ci="1" mb="0" cb="0"/><line nr="195" mi="0" ci="9" mb="0" cb="0"/><line nr="196" mi="0" ci="1" mb="0" cb="0"/><line nr="198" mi="0" ci="9" mb="0" cb="0"/><line nr="199" mi="0" ci="1" mb="0" cb="0"/><line nr="201" mi="0" ci="9" mb="0" cb="0"/><line nr="202" mi="0" ci="1" mb="0" cb="0"/><line nr="204" mi="0" ci="3" mb="0" cb="0"/><line nr="206" mi="0" ci="4" mb="0" cb="2"/><line nr="207" mi="0" ci="5" mb="0" cb="0"/><line nr="209" mi="0" ci="6" mb="0" cb="2"/><line nr="210" mi="0" ci="4" mb="0" cb="0"/><line nr="214" mi="0" ci="2" mb="0" cb="0"/><line nr="219" mi="0" ci="4" mb="0" cb="0"/><line nr="220" mi="0" ci="3" mb="0" cb="0"/><line nr="221" mi="0" ci="2" mb="0" cb="0"/><line nr="222" mi="0" ci="2" mb="0" cb="0"/><line nr="223" mi="0" ci="2" mb="0" cb="0"/><line nr="224" mi="0" ci="2" mb="0" cb="0"/><line nr="225" mi="0" ci="2" mb="0" cb="0"/><line nr="226" mi="0" ci="2" mb="0" cb="0"/><line nr="227" mi="0" ci="1" mb="0" cb="0"/><line nr="228" mi="0" ci="1" mb="0" cb="0"/><line nr="230" mi="0" ci="3" mb="0" cb="0"/><line nr="231" mi="0" ci="2" mb="0" cb="0"/><line nr="232" mi="0" ci="2" mb="0" cb="0"/><line nr="233" mi="0" ci="2" mb="0" cb="0"/><line nr="234" mi="0" ci="2" mb="0" cb="0"/><line nr="235" mi="0" ci="2" mb="0" cb="0"/><line nr="236" mi="0" ci="2" mb="0" cb="0"/><line nr="237" mi="0" ci="2" mb="0" cb="0"/><line nr="238" mi="0" ci="1" mb="0" cb="0"/><line nr="239" mi="0" ci="1" mb="0" cb="0"/><line nr="241" mi="0" ci="3" mb="0" cb="0"/><line nr="242" mi="0" ci="2" mb="0" cb="0"/><line nr="243" mi="0" ci="2" mb="0" cb="0"/><line nr="244" mi="0" ci="2" mb="0" cb="0"/><line nr="245" mi="0" ci="2" mb="0" cb="0"/><line nr="246" mi="0" ci="2" mb="0" cb="0"/><line nr="247" mi="0" ci="2" mb="0" cb="0"/><line nr="248" mi="0" ci="1" mb="0" cb="0"/><line nr="249" mi="0" ci="1" mb="0" cb="0"/><line nr="251" mi="0" ci="3" mb="0" cb="0"/><line nr="252" mi="0" ci="2" mb="0" cb="0"/><line nr="253" mi="0" ci="2" mb="0" cb="0"/><line nr="254" mi="0" ci="2" mb="0" cb="0"/><line nr="255" mi="0" ci="2" mb="0" cb="0"/><line nr="256" mi="0" ci="2" mb="0" cb="0"/><line nr="257" mi="0" ci="2" mb="0" cb="0"/><line nr="258" mi="0" ci="1" mb="0" cb="0"/><line nr="259" mi="0" ci="1" mb="0" cb="0"/><line nr="261" mi="0" ci="3" mb="0" cb="0"/><line nr="262" mi="0" ci="2" mb="0" cb="0"/><line nr="263" mi="0" ci="2" mb="0" cb="0"/><line nr="264" mi="0" ci="2" mb="0" cb="0"/><line nr="265" mi="0" ci="2" mb="0" cb="0"/><line nr="266" mi="0" ci="1" mb="0" cb="0"/><line nr="267" mi="0" ci="2" mb="0" cb="0"/><line nr="268" mi="0" ci="2" mb="0" cb="0"/><line nr="269" mi="0" ci="1" mb="0" cb="0"/><line nr="270" mi="0" ci="1" mb="0" cb="0"/><line nr="272" mi="0" ci="3" mb="0" cb="0"/><line nr="273" mi="0" ci="2" mb="0" cb="0"/><line nr="274" mi="0" ci="2" mb="0" cb="0"/><line nr="275" mi="0" ci="2" mb="0" cb="0"/><line nr="276" mi="0" ci="2" mb="0" cb="0"/><line nr="277" mi="0" ci="1" mb="0" cb="0"/><line nr="278" mi="0" ci="2" mb="0" cb="0"/><line nr="279" mi="0" ci="1" mb="0" cb="0"/><line nr="280" mi="0" ci="1" mb="0" cb="0"/><line nr="283" mi="0" ci="3" mb="0" cb="0"/><line nr="284" mi="0" ci="2" mb="0" cb="0"/><line nr="285" mi="0" ci="2" mb="0" cb="0"/><line nr="286" mi="0" ci="2" mb="0" cb="0"/><line nr="287" mi="0" ci="2" mb="0" cb="0"/><line nr="288" mi="0" ci="1" mb="0" cb="0"/><line nr="289" mi="0" ci="2" mb="0" cb="0"/><line nr="290" mi="0" ci="1" mb="0" cb="0"/><line nr="291" mi="0" ci="1" mb="0" cb="0"/><line nr="294" mi="0" ci="3" mb="0" cb="0"/><line nr="295" mi="0" ci="2" mb="0" cb="0"/><line nr="296" mi="0" ci="2" mb="0" cb="0"/><line nr="297" mi="0" ci="2" mb="0" cb="0"/><line nr="298" mi="0" ci="2" mb="0" cb="0"/><line nr="299" mi="0" ci="1" mb="0" cb="0"/><line nr="300" mi="0" ci="1" mb="0" cb="0"/><line nr="301" mi="0" ci="1" mb="0" cb="0"/><line nr="304" mi="0" ci="3" mb="0" cb="0"/><line nr="305" mi="0" ci="2" mb="0" cb="0"/><line nr="306" mi="0" ci="2" mb="0" cb="0"/><line nr="307" mi="0" ci="2" mb="0" cb="0"/><line nr="308" mi="0" ci="2" mb="0" cb="0"/><line nr="309" mi="0" ci="1" mb="0" cb="0"/><line nr="310" mi="0" ci="2" mb="0" cb="0"/><line nr="311" mi="0" ci="1" mb="0" cb="0"/><line nr="312" mi="0" ci="1" mb="0" cb="0"/><line nr="315" mi="0" ci="3" mb="0" cb="0"/><line nr="316" mi="0" ci="2" mb="0" cb="0"/><line nr="317" mi="0" ci="2" mb="0" cb="0"/><line nr="318" mi="0" ci="2" mb="0" cb="0"/><line nr="319" mi="0" ci="2" mb="0" cb="0"/><line nr="320" mi="0" ci="1" mb="0" cb="0"/><line nr="321" mi="0" ci="1" mb="0" cb="0"/><line nr="322" mi="0" ci="1" mb="0" cb="0"/><line nr="325" mi="0" ci="3" mb="0" cb="0"/><line nr="326" mi="0" ci="2" mb="0" cb="0"/><line nr="327" mi="0" ci="2" mb="0" cb="0"/><line nr="328" mi="0" ci="2" mb="0" cb="0"/><line nr="329" mi="0" ci="2" mb="0" cb="0"/><line nr="330" mi="0" ci="1" mb="0" cb="0"/><line nr="331" mi="0" ci="1" mb="0" cb="0"/><line nr="332" mi="0" ci="1" mb="0" cb="0"/><line nr="335" mi="0" ci="3" mb="0" cb="0"/><line nr="336" mi="0" ci="2" mb="0" cb="0"/><line nr="337" mi="0" ci="2" mb="0" cb="0"/><line nr="338" mi="0" ci="2" mb="0" cb="0"/><line nr="339" mi="0" ci="2" mb="0" cb="0"/><line nr="340" mi="0" ci="1" mb="0" cb="0"/><line nr="341" mi="0" ci="1" mb="0" cb="0"/><line nr="344" mi="0" ci="3" mb="0" cb="0"/><line nr="345" mi="0" ci="2" mb="0" cb="0"/><line nr="346" mi="0" ci="2" mb="0" cb="0"/><line nr="347" mi="0" ci="2" mb="0" cb="0"/><line nr="348" mi="0" ci="1" mb="0" cb="0"/><line nr="349" mi="0" ci="2" mb="0" cb="0"/><line nr="350" mi="0" ci="1" mb="0" cb="0"/><line nr="351" mi="0" ci="1" mb="0" cb="0"/><line nr="354" mi="0" ci="3" mb="0" cb="0"/><line nr="355" mi="0" ci="2" mb="0" cb="0"/><line nr="356" mi="0" ci="2" mb="0" cb="0"/><line nr="357" mi="0" ci="2" mb="0" cb="0"/><line nr="358" mi="0" ci="1" mb="0" cb="0"/><line nr="359" mi="0" ci="2" mb="0" cb="0"/><line nr="360" mi="0" ci="1" mb="0" cb="0"/><line nr="361" mi="0" ci="1" mb="0" cb="0"/><line nr="364" mi="0" ci="3" mb="0" cb="0"/><line nr="365" mi="0" ci="2" mb="0" cb="0"/><line nr="366" mi="0" ci="2" mb="0" cb="0"/><line nr="367" mi="0" ci="1" mb="0" cb="0"/><line nr="368" mi="0" ci="2" mb="0" cb="0"/><line nr="369" mi="0" ci="2" mb="0" cb="0"/><line nr="370" mi="0" ci="1" mb="0" cb="0"/><line nr="371" mi="0" ci="1" mb="0" cb="0"/><line nr="375" mi="0" ci="3" mb="0" cb="0"/><line nr="376" mi="0" ci="2" mb="0" cb="0"/><line nr="377" mi="0" ci="2" mb="0" cb="0"/><line nr="378" mi="0" ci="2" mb="0" cb="0"/><line nr="379" mi="0" ci="1" mb="0" cb="0"/><line nr="380" mi="0" ci="1" mb="0" cb="0"/><line nr="381" mi="0" ci="1" mb="0" cb="0"/><line nr="385" mi="0" ci="3" mb="0" cb="0"/><line nr="386" mi="0" ci="2" mb="0" cb="0"/><line nr="387" mi="0" ci="2" mb="0" cb="0"/><line nr="388" mi="0" ci="2" mb="0" cb="0"/><line nr="389" mi="0" ci="1" mb="0" cb="0"/><line nr="390" mi="0" ci="1" mb="0" cb="0"/><line nr="391" mi="0" ci="1" mb="0" cb="0"/><line nr="395" mi="0" ci="3" mb="0" cb="0"/><line nr="396" mi="0" ci="2" mb="0" cb="0"/><line nr="397" mi="0" ci="2" mb="0" cb="0"/><line nr="398" mi="0" ci="2" mb="0" cb="0"/><line nr="399" mi="0" ci="1" mb="0" cb="0"/><line nr="400" mi="0" ci="2" mb="0" cb="0"/><line nr="401" mi="0" ci="1" mb="0" cb="0"/><line nr="402" mi="0" ci="1" mb="0" cb="0"/><line nr="406" mi="0" ci="3" mb="0" cb="0"/><line nr="407" mi="0" ci="2" mb="0" cb="0"/><line nr="408" mi="0" ci="2" mb="0" cb="0"/><line nr="409" mi="0" ci="2" mb="0" cb="0"/><line nr="410" mi="0" ci="1" mb="0" cb="0"/><line nr="411" mi="0" ci="1" mb="0" cb="0"/><line nr="412" mi="0" ci="1" mb="0" cb="0"/><line nr="416" mi="0" ci="3" mb="0" cb="0"/><line nr="417" mi="0" ci="2" mb="0" cb="0"/><line nr="418" mi="0" ci="2" mb="0" cb="0"/><line nr="419" mi="0" ci="2" mb="0" cb="0"/><line nr="420" mi="0" ci="1" mb="0" cb="0"/><line nr="421" mi="0" ci="1" mb="0" cb="0"/><line nr="422" mi="0" ci="1" mb="0" cb="0"/><line nr="426" mi="0" ci="3" mb="0" cb="0"/><line nr="427" mi="0" ci="2" mb="0" cb="0"/><line nr="428" mi="0" ci="2" mb="0" cb="0"/><line nr="429" mi="0" ci="2" mb="0" cb="0"/><line nr="430" mi="0" ci="1" mb="0" cb="0"/><line nr="431" mi="0" ci="1" mb="0" cb="0"/><line nr="432" mi="0" ci="1" mb="0" cb="0"/><line nr="435" mi="0" ci="3" mb="0" cb="0"/><line nr="436" mi="0" ci="2" mb="0" cb="0"/><line nr="437" mi="0" ci="2" mb="0" cb="0"/><line nr="438" mi="0" ci="2" mb="0" cb="0"/><line nr="439" mi="0" ci="1" mb="0" cb="0"/><line nr="440" mi="0" ci="1" mb="0" cb="0"/><line nr="441" mi="0" ci="1" mb="0" cb="0"/><line nr="444" mi="0" ci="3" mb="0" cb="0"/><line nr="445" mi="0" ci="2" mb="0" cb="0"/><line nr="446" mi="0" ci="2" mb="0" cb="0"/><line nr="447" mi="0" ci="2" mb="0" cb="0"/><line nr="448" mi="0" ci="1" mb="0" cb="0"/><line nr="449" mi="0" ci="1" mb="0" cb="0"/><line nr="450" mi="0" ci="1" mb="0" cb="0"/><line nr="453" mi="0" ci="3" mb="0" cb="0"/><line nr="454" mi="0" ci="2" mb="0" cb="0"/><line nr="455" mi="0" ci="2" mb="0" cb="0"/><line nr="456" mi="0" ci="2" mb="0" cb="0"/><line nr="457" mi="0" ci="1" mb="0" cb="0"/><line nr="458" mi="0" ci="1" mb="0" cb="0"/><line nr="461" mi="0" ci="2" mb="0" cb="0"/><counter type="INSTRUCTION" missed="0" covered="947"/><counter type="BRANCH" missed="0" covered="12"/><counter type="LINE" missed="0" covered="315"/><counter type="COMPLEXITY" missed="0" covered="19"/><counter type="METHOD" missed="0" covered="13"/><counter type="CLASS" missed="0" covered="1"/></sourcefile><sourcefile name="Main.java"><line nr="5" mi="3" ci="0" mb="0" cb="0"/><line nr="8" mi="4" ci="0" mb="0" cb="0"/><line nr="9" mi="4" ci="0" mb="0" cb="0"/><line nr="11" mi="4" ci="0" mb="0" cb="0"/><line nr="13" mi="4" ci="0" mb="0" cb="0"/><line nr="14" mi="4" ci="0" mb="0" cb="0"/><line nr="15" mi="1" ci="0" mb="0" cb="0"/><line nr="16" mi="4" ci="0" mb="0" cb="0"/><line nr="17" mi="2" ci="0" mb="0" cb="0"/><line nr="18" mi="1" ci="0" mb="0" cb="0"/><line nr="19" mi="1" ci="0" mb="0" cb="0"/><counter type="INSTRUCTION" missed="32" covered="0"/><counter type="LINE" missed="11" covered="0"/><counter type="COMPLEXITY" missed="2" covered="0"/><counter type="METHOD" missed="2" covered="0"/><counter type="CLASS" missed="1" covered="0"/></sourcefile><counter type="INSTRUCTION" missed="32" covered="1257"/><counter type="BRANCH" missed="0" covered="16"/><counter type="LINE" missed="11" covered="384"/><counter type="COMPLEXITY" missed="2" covered="28"/><counter type="METHOD" missed="2" covered="20"/><counter type="CLASS" missed="1" covered="2"/></package><package name="com/quorum/tessera/config/builder"><class name="com/quorum/tessera/config/builder/JdbcConfigFactory" sourcefilename="JdbcConfigFactory.java"><method name="fromLegacyStorageString" desc="(Ljava/lang/String;)Lcom/quorum/tessera/config/JdbcConfig;" line="12"><counter type="INSTRUCTION" missed="0" covered="57"/><counter type="BRANCH" missed="0" covered="6"/><counter type="LINE" missed="0" covered="9"/><counter type="COMPLEXITY" missed="0" covered="4"/><counter type="METHOD" missed="0" covered="1"/></method><counter type="INSTRUCTION" missed="0" covered="57"/><counter type="BRANCH" missed="0" covered="6"/><counter type="LINE" missed="0" covered="9"/><counter type="COMPLEXITY" missed="0" covered="4"/><counter type="METHOD" missed="0" covered="1"/><counter type="CLASS" missed="0" covered="1"/></class><class name="com/quorum/tessera/config/builder/ConfigBuilder" sourcefilename="ConfigBuilder.java"><method name="&lt;init&gt;" desc="()V" line="16"><counter type="INSTRUCTION" missed="0" covered="9"/><counter type="LINE" missed="0" covered="4"/><counter type="COMPLEXITY" missed="0" covered="1"/><counter type="METHOD" missed="0" covered="1"/></method><method name="create" desc="()Lcom/quorum/tessera/config/builder/ConfigBuilder;" line="20"><counter type="INSTRUCTION" missed="0" covered="4"/><counter type="LINE" missed="0" covered="1"/><counter type="COMPLEXITY" missed="0" covered="1"/><counter type="METHOD" missed="0" covered="1"/></method><method name="sslServerTrustMode" desc="(Lcom/quorum/tessera/config/SslTrustMode;)Lcom/quorum/tessera/config/builder/ConfigBuilder;" line="80"><counter type="INSTRUCTION" missed="0" covered="5"/><counter type="LINE" missed="0" covered="2"/><counter type="COMPLEXITY" missed="0" covered="1"/><counter type="METHOD" missed="0" covered="1"/></method><method name="sslClientTrustMode" desc="(Lcom/quorum/tessera/config/SslTrustMode;)Lcom/quorum/tessera/config/builder/ConfigBuilder;" line="85"><counter type="INSTRUCTION" missed="0" covered="5"/><counter type="LINE" missed="0" covered="2"/><counter type="COMPLEXITY" missed="0" covered="1"/><counter type="METHOD" missed="0" covered="1"/></method><method name="sslServerKeyStorePath" desc="(Ljava/lang/String;)Lcom/quorum/tessera/config/builder/ConfigBuilder;" line="90"><counter type="INSTRUCTION" missed="0" covered="5"/><counter type="LINE" missed="0" covered="2"/><counter type="COMPLEXITY" missed="0" covered="1"/><counter type="METHOD" missed="0" covered="1"/></method><method name="sslServerTrustStorePath" desc="(Ljava/lang/String;)Lcom/quorum/tessera/config/builder/ConfigBuilder;" line="95"><counter type="INSTRUCTION" missed="0" covered="5"/><counter type="LINE" missed="0" covered="2"/><counter type="COMPLEXITY" missed="0" covered="1"/><counter type="METHOD" missed="0" covered="1"/></method><method name="sslServerTrustCertificates" desc="(Ljava/util/List;)Lcom/quorum/tessera/config/builder/ConfigBuilder;" line="100"><counter type="INSTRUCTION" missed="0" covered="5"/><counter type="LINE" missed="0" covered="2"/><counter type="COMPLEXITY" missed="0" covered="1"/><counter type="METHOD" missed="0" covered="1"/></method><method name="sslClientTrustStorePassword" desc="(Ljava/lang/String;)Lcom/quorum/tessera/config/builder/ConfigBuilder;" line="105"><counter type="INSTRUCTION" missed="0" covered="5"/><counter type="LINE" missed="0" covered="2"/><counter type="COMPLEXITY" missed="0" covered="1"/><counter type="METHOD" missed="0" covered="1"/></method><method name="unixSocketFile" desc="(Ljava/lang/String;)Lcom/quorum/tessera/config/builder/ConfigBuilder;" line="110"><counter type="INSTRUCTION" missed="0" covered="5"/><counter type="LINE" missed="0" covered="2"/><counter type="COMPLEXITY" missed="0" covered="1"/><counter type="METHOD" missed="0" covered="1"/></method><method name="serverHostname" desc="(Ljava/lang/String;)Lcom/quorum/tessera/config/builder/ConfigBuilder;" line="115"><counter type="INSTRUCTION" missed="0" covered="5"/><counter type="LINE" missed="0" covered="2"/><counter type="COMPLEXITY" missed="0" covered="1"/><counter type="METHOD" missed="0" covered="1"/></method><method name="serverPort" desc="(Ljava/lang/Integer;)Lcom/quorum/tessera/config/builder/ConfigBuilder;" line="120"><counter type="INSTRUCTION" missed="0" covered="5"/><counter type="LINE" missed="0" covered="2"/><counter type="COMPLEXITY" missed="0" covered="1"/><counter type="METHOD" missed="0" covered="1"/></method><method name="jdbcConfig" desc="(Lcom/quorum/tessera/config/JdbcConfig;)Lcom/quorum/tessera/config/builder/ConfigBuilder;" line="125"><counter type="INSTRUCTION" missed="0" covered="5"/><counter type="LINE" missed="0" covered="2"/><counter type="COMPLEXITY" missed="0" covered="1"/><counter type="METHOD" missed="0" covered="1"/></method><method name="peers" desc="(Ljava/util/List;)Lcom/quorum/tessera/config/builder/ConfigBuilder;" line="130"><counter type="INSTRUCTION" missed="0" covered="5"/><counter type="LINE" missed="0" covered="2"/><counter type="COMPLEXITY" missed="0" covered="1"/><counter type="METHOD" missed="0" covered="1"/></method><method name="alwaysSendTo" desc="(Ljava/util/List;)Lcom/quorum/tessera/config/builder/ConfigBuilder;" line="135"><counter type="INSTRUCTION" missed="0" covered="5"/><counter type="LINE" missed="0" covered="2"/><counter type="COMPLEXITY" missed="0" covered="1"/><counter type="METHOD" missed="0" covered="1"/></method><method name="sslKnownClientsFile" desc="(Ljava/lang/String;)Lcom/quorum/tessera/config/builder/ConfigBuilder;" line="140"><counter type="INSTRUCTION" missed="0" covered="5"/><counter type="LINE" missed="0" covered="2"/><counter type="COMPLEXITY" missed="0" covered="1"/><counter type="METHOD" missed="0" covered="1"/></method><method name="sslKnownServersFile" desc="(Ljava/lang/String;)Lcom/quorum/tessera/config/builder/ConfigBuilder;" line="145"><counter type="INSTRUCTION" missed="0" covered="5"/><counter type="LINE" missed="0" covered="2"/><counter type="COMPLEXITY" missed="0" covered="1"/><counter type="METHOD" missed="0" covered="1"/></method><method name="sslAuthenticationMode" desc="(Lcom/quorum/tessera/config/SslAuthenticationMode;)Lcom/quorum/tessera/config/builder/ConfigBuilder;" line="150"><counter type="INSTRUCTION" missed="0" covered="5"/><counter type="LINE" missed="0" covered="2"/><counter type="COMPLEXITY" missed="0" covered="1"/><counter type="METHOD" missed="0" covered="1"/></method><method name="sslClientKeyStorePath" desc="(Ljava/lang/String;)Lcom/quorum/tessera/config/builder/ConfigBuilder;" line="155"><counter type="INSTRUCTION" missed="0" covered="5"/><counter type="LINE" missed="0" covered="2"/><counter type="COMPLEXITY" missed="0" covered="1"/><counter type="METHOD" missed="0" covered="1"/></method><method name="sslClientTrustCertificates" desc="(Ljava/util/List;)Lcom/quorum/tessera/config/builder/ConfigBuilder;" line="160"><counter type="INSTRUCTION" missed="0" covered="5"/><counter type="LINE" missed="0" covered="2"/><counter type="COMPLEXITY" missed="0" covered="1"/><counter type="METHOD" missed="0" covered="1"/></method><method name="sslClientTrustStorePath" desc="(Ljava/lang/String;)Lcom/quorum/tessera/config/builder/ConfigBuilder;" line="165"><counter type="INSTRUCTION" missed="0" covered="5"/><counter type="LINE" missed="0" covered="2"/><counter type="COMPLEXITY" missed="0" covered="1"/><counter type="METHOD" missed="0" covered="1"/></method><method name="sslClientKeyStorePassword" desc="(Ljava/lang/String;)Lcom/quorum/tessera/config/builder/ConfigBuilder;" line="170"><counter type="INSTRUCTION" missed="0" covered="5"/><counter type="LINE" missed="0" covered="2"/><counter type="COMPLEXITY" missed="0" covered="1"/><counter type="METHOD" missed="0" covered="1"/></method><method name="sslServerTlsKeyPath" desc="(Ljava/lang/String;)Lcom/quorum/tessera/config/builder/ConfigBuilder;" line="175"><counter type="INSTRUCTION" missed="0" covered="5"/><counter type="LINE" missed="0" covered="2"/><counter type="COMPLEXITY" missed="0" covered="1"/><counter type="METHOD" missed="0" covered="1"/></method><method name="sslServerTlsCertificatePath" desc="(Ljava/lang/String;)Lcom/quorum/tessera/config/builder/ConfigBuilder;" line="180"><counter type="INSTRUCTION" missed="0" covered="5"/><counter type="LINE" missed="0" covered="2"/><counter type="COMPLEXITY" missed="0" covered="1"/><counter type="METHOD" missed="0" covered="1"/></method><method name="sslClientTlsKeyPath" desc="(Ljava/lang/String;)Lcom/quorum/tessera/config/builder/ConfigBuilder;" line="185"><counter type="INSTRUCTION" missed="0" covered="5"/><counter type="LINE" missed="0" covered="2"/><counter type="COMPLEXITY" missed="0" covered="1"/><counter type="METHOD" missed="0" covered="1"/></method><method name="sslClientTlsCertificatePath" desc="(Ljava/lang/String;)Lcom/quorum/tessera/config/builder/ConfigBuilder;" line="190"><counter type="INSTRUCTION" missed="0" covered="5"/><counter type="LINE" missed="0" covered="2"/><counter type="COMPLEXITY" missed="0" covered="1"/><counter type="METHOD" missed="0" covered="1"/></method><method name="keyData" desc="(Lcom/quorum/tessera/config/KeyConfiguration;)Lcom/quorum/tessera/config/builder/ConfigBuilder;" line="195"><counter type="INSTRUCTION" missed="0" covered="5"/><counter type="LINE" missed="0" covered="2"/><counter type="COMPLEXITY" missed="0" covered="1"/><counter type="METHOD" missed="0" covered="1"/></method><method name="useWhiteList" desc="(Z)Lcom/quorum/tessera/config/builder/ConfigBuilder;" line="200"><counter type="INSTRUCTION" missed="0" covered="5"/><counter type="LINE" missed="0" covered="2"/><counter type="COMPLEXITY" missed="0" covered="1"/><counter type="METHOD" missed="0" covered="1"/></method><method name="workdir" desc="(Ljava/lang/String;)Lcom/quorum/tessera/config/builder/ConfigBuilder;" line="205"><counter type="INSTRUCTION" missed="0" covered="5"/><counter type="LINE" missed="0" covered="2"/><counter type="COMPLEXITY" missed="0" covered="1"/><counter type="METHOD" missed="0" covered="1"/></method><method name="toPath" desc="(Ljava/lang/String;Ljava/lang/String;)Ljava/nio/file/Path;" line="212"><counter type="INSTRUCTION" missed="0" covered="32"/><counter type="BRANCH" missed="0" covered="6"/><counter type="LINE" missed="0" covered="6"/><counter type="COMPLEXITY" missed="0" covered="4"/><counter type="METHOD" missed="0" covered="1"/></method><method name="build" desc="()Lcom/quorum/tessera/config/Config;" line="225"><counter type="INSTRUCTION" missed="0" covered="215"/><counter type="BRANCH" missed="0" covered="6"/><counter type="LINE" missed="0" covered="53"/><counter type="COMPLEXITY" missed="0" covered="4"/><counter type="METHOD" missed="0" covered="1"/></method><method name="lambda$build$1" desc="(Ljava/lang/String;)Ljava/nio/file/Path;" line="248"><counter type="INSTRUCTION" missed="0" covered="5"/><counter type="LINE" missed="0" covered="1"/><counter type="COMPLEXITY" missed="0" covered="1"/><counter type="METHOD" missed="0" covered="1"/></method><method name="lambda$build$0" desc="(Ljava/lang/String;)Ljava/nio/file/Path;" line="244"><counter type="INSTRUCTION" missed="0" covered="5"/><counter type="LINE" missed="0" covered="1"/><counter type="COMPLEXITY" missed="0" covered="1"/><counter type="METHOD" missed="0" covered="1"/></method><counter type="INSTRUCTION" missed="0" covered="400"/><counter type="BRANCH" missed="0" covered="12"/><counter type="LINE" missed="0" covered="116"/><counter type="COMPLEXITY" missed="0" covered="38"/><counter type="METHOD" missed="0" covered="32"/><counter type="CLASS" missed="0" covered="1"/></class><class name="com/quorum/tessera/config/builder/SslTrustModeFactory$1" sourcefilename="SslTrustModeFactory.java"><method name="&lt;init&gt;" desc="()V" line="13"><counter type="INSTRUCTION" missed="0" covered="33"/><counter type="LINE" missed="0" covered="8"/><counter type="COMPLEXITY" missed="0" covered="1"/><counter type="METHOD" missed="0" covered="1"/></method><counter type="INSTRUCTION" missed="0" covered="33"/><counter type="LINE" missed="0" covered="8"/><counter type="COMPLEXITY" missed="0" covered="1"/><counter type="METHOD" missed="0" covered="1"/><counter type="CLASS" missed="0" covered="1"/></class><class name="com/quorum/tessera/config/builder/SslTrustModeFactory" sourcefilename="SslTrustModeFactory.java"><method name="resolveByLegacyValue" desc="(Ljava/lang/String;)Lcom/quorum/tessera/config/SslTrustMode;" line="25"><counter type="INSTRUCTION" missed="0" covered="6"/><counter type="LINE" missed="0" covered="1"/><counter type="COMPLEXITY" missed="0" covered="1"/><counter type="METHOD" missed="0" covered="1"/></method><method name="&lt;clinit&gt;" desc="()V" line="12"><counter type="INSTRUCTION" missed="0" covered="6"/><counter type="LINE" missed="0" covered="2"/><counter type="COMPLEXITY" missed="0" covered="1"/><counter type="METHOD" missed="0" covered="1"/></method><counter type="INSTRUCTION" missed="0" covered="12"/><counter type="LINE" missed="0" covered="3"/><counter type="COMPLEXITY" missed="0" covered="2"/><counter type="METHOD" missed="0" covered="2"/><counter type="CLASS" missed="0" covered="1"/></class><class name="com/quorum/tessera/config/builder/KeyDataBuilder" sourcefilename="KeyDataBuilder.java"><method name="&lt;init&gt;" desc="()V" line="19"><counter type="INSTRUCTION" missed="0" covered="9"/><counter type="LINE" missed="0" covered="4"/><counter type="COMPLEXITY" missed="0" covered="1"/><counter type="METHOD" missed="0" covered="1"/></method><method name="create" desc="()Lcom/quorum/tessera/config/builder/KeyDataBuilder;" line="23"><counter type="INSTRUCTION" missed="0" covered="4"/><counter type="LINE" missed="0" covered="1"/><counter type="COMPLEXITY" missed="0" covered="1"/><counter type="METHOD" missed="0" covered="1"/></method><method name="withPublicKeys" desc="(Ljava/util/List;)Lcom/quorum/tessera/config/builder/KeyDataBuilder;" line="35"><counter type="INSTRUCTION" missed="0" covered="5"/><counter type="LINE" missed="0" covered="2"/><counter type="COMPLEXITY" missed="0" covered="1"/><counter type="METHOD" missed="0" covered="1"/></method><method name="withPrivateKeys" desc="(Ljava/util/List;)Lcom/quorum/tessera/config/builder/KeyDataBuilder;" line="40"><counter type="INSTRUCTION" missed="0" covered="5"/><counter type="LINE" missed="0" covered="2"/><counter type="COMPLEXITY" missed="0" covered="1"/><counter type="METHOD" missed="0" covered="1"/></method><method name="withPrivateKeyPasswordFile" desc="(Ljava/lang/String;)Lcom/quorum/tessera/config/builder/KeyDataBuilder;" line="45"><counter type="INSTRUCTION" missed="0" covered="5"/><counter type="LINE" missed="0" covered="2"/><counter type="COMPLEXITY" missed="0" covered="1"/><counter type="METHOD" missed="0" covered="1"/></method><method name="withWorkingDirectory" desc="(Ljava/lang/String;)Lcom/quorum/tessera/config/builder/KeyDataBuilder;" line="50"><counter type="INSTRUCTION" missed="0" covered="5"/><counter type="LINE" missed="0" covered="2"/><counter type="COMPLEXITY" missed="0" covered="1"/><counter type="METHOD" missed="0" covered="1"/></method><method name="build" desc="()Lcom/quorum/tessera/config/KeyConfiguration;" line="55"><counter type="INSTRUCTION" missed="0" covered="69"/><counter type="BRANCH" missed="0" covered="8"/><counter type="LINE" missed="0" covered="12"/><counter type="COMPLEXITY" missed="0" covered="5"/><counter type="METHOD" missed="0" covered="1"/></method><method name="lambda$build$0" desc="(I)Lcom/quorum/tessera/config/keypairs/FilesystemKeyPair;" line="61"><counter type="INSTRUCTION" missed="0" covered="20"/><counter type="LINE" missed="0" covered="1"/><counter type="COMPLEXITY" missed="0" covered="1"/><counter type="METHOD" missed="0" covered="1"/></method><counter type="INSTRUCTION" missed="0" covered="122"/><counter type="BRANCH" missed="0" covered="8"/><counter type="LINE" missed="0" covered="25"/><counter type="COMPLEXITY" missed="0" covered="12"/><counter type="METHOD" missed="0" covered="8"/><counter type="CLASS" missed="0" covered="1"/></class><sourcefile name="JdbcConfigFactory.java"><line nr="12" mi="0" ci="3" mb="0" cb="0"/><line nr="13" mi="0" ci="2" mb="0" cb="0"/><line nr="15" mi="0" ci="4" mb="0" cb="2"/><line nr="16" mi="0" ci="7" mb="0" cb="0"/><line nr="19" mi="0" ci="4" mb="0" cb="2"/><line nr="20" mi="0" ci="14" mb="0" cb="0"/><line nr="23" mi="0" ci="4" mb="0" cb="2"/><line nr="24" mi="0" ci="7" mb="0" cb="0"/><line nr="27" mi="0" ci="12" mb="0" cb="0"/><counter type="INSTRUCTION" missed="0" covered="57"/><counter type="BRANCH" missed="0" covered="6"/><counter type="LINE" missed="0" covered="9"/><counter type="COMPLEXITY" missed="0" covered="4"/><counter type="METHOD" missed="0" covered="1"/><counter type="CLASS" missed="0" covered="1"/></sourcefile><sourcefile name="KeyDataBuilder.java"><line nr="19" mi="0" ci="2" mb="0" cb="0"/><line nr="20" mi="0" ci="1" mb="0" cb="0"/><line nr="23" mi="0" ci="4" mb="0" cb="0"/><line nr="26" mi="0" ci="3" mb="0" cb="0"/><line nr="28" mi="0" ci="3" mb="0" cb="0"/><line nr="35" mi="0" ci="3" mb="0" cb="0"/><line nr="36" mi="0" ci="2" mb="0" cb="0"/><line nr="40" mi="0" ci="3" mb="0" cb="0"/><line nr="41" mi="0" ci="2" mb="0" cb="0"/><line nr="45" mi="0" ci="3" mb="0" cb="0"/><line nr="46" mi="0" ci="2" mb="0" cb="0"/><line nr="50" mi="0" ci="3" mb="0" cb="0"/><line nr="51" mi="0" ci="2" mb="0" cb="0"/><line nr="55" mi="0" ci="7" mb="0" cb="2"/><line nr="56" mi="0" ci="8" mb="0" cb="0"/><line nr="59" mi="0" ci="3" mb="0" cb="0"/><line nr="60" mi="0" ci="4" mb="0" cb="0"/><line nr="61" mi="0" ci="21" mb="0" cb="0"/><line nr="62" mi="0" ci="4" mb="0" cb="0"/><line nr="65" mi="0" ci="8" mb="0" cb="4"/><line nr="66" mi="0" ci="12" mb="0" cb="0"/><line nr="67" mi="0" ci="4" mb="0" cb="2"/><line nr="68" mi="0" ci="7" mb="0" cb="0"/><line nr="70" mi="0" ci="2" mb="0" cb="0"/><line nr="73" mi="0" ci="9" mb="0" cb="0"/><counter type="INSTRUCTION" missed="0" covered="122"/><counter type="BRANCH" missed="0" covered="8"/><counter type="LINE" missed="0" covered="25"/><counter type="COMPLEXITY" missed="0" covered="12"/><counter type="METHOD" missed="0" covered="8"/><counter type="CLASS" missed="0" covered="1"/></sourcefile><sourcefile name="ConfigBuilder.java"><line nr="16" mi="0" ci="2" mb="0" cb="0"/><line nr="17" mi="0" ci="1" mb="0" cb="0"/><line nr="20" mi="0" ci="4" mb="0" cb="0"/><line nr="49" mi="0" ci="3" mb="0" cb="0"/><line nr="59" mi="0" ci="3" mb="0" cb="0"/><line nr="80" mi="0" ci="3" mb="0" cb="0"/><line nr="81" mi="0" ci="2" mb="0" cb="0"/><line nr="85" mi="0" ci="3" mb="0" cb="0"/><line nr="86" mi="0" ci="2" mb="0" cb="0"/><line nr="90" mi="0" ci="3" mb="0" cb="0"/><line nr="91" mi="0" ci="2" mb="0" cb="0"/><line nr="95" mi="0" ci="3" mb="0" cb="0"/><line nr="96" mi="0" ci="2" mb="0" cb="0"/><line nr="100" mi="0" ci="3" mb="0" cb="0"/><line nr="101" mi="0" ci="2" mb="0" cb="0"/><line nr="105" mi="0" ci="3" mb="0" cb="0"/><line nr="106" mi="0" ci="2" mb="0" cb="0"/><line nr="110" mi="0" ci="3" mb="0" cb="0"/><line nr="111" mi="0" ci="2" mb="0" cb="0"/><line nr="115" mi="0" ci="3" mb="0" cb="0"/><line nr="116" mi="0" ci="2" mb="0" cb="0"/><line nr="120" mi="0" ci="3" mb="0" cb="0"/><line nr="121" mi="0" ci="2" mb="0" cb="0"/><line nr="125" mi="0" ci="3" mb="0" cb="0"/><line nr="126" mi="0" ci="2" mb="0" cb="0"/><line nr="130" mi="0" ci="3" mb="0" cb="0"/><line nr="131" mi="0" ci="2" mb="0" cb="0"/><line nr="135" mi="0" ci="3" mb="0" cb="0"/><line nr="136" mi="0" ci="2" mb="0" cb="0"/><line nr="140" mi="0" ci="3" mb="0" cb="0"/><line nr="141" mi="0" ci="2" mb="0" cb="0"/><line nr="145" mi="0" ci="3" mb="0" cb="0"/><line nr="146" mi="0" ci="2" mb="0" cb="0"/><line nr="150" mi="0" ci="3" mb="0" cb="0"/><line nr="151" mi="0" ci="2" mb="0" cb="0"/><line nr="155" mi="0" ci="3" mb="0" cb="0"/><line nr="156" mi="0" ci="2" mb="0" cb="0"/><line nr="160" mi="0" ci="3" mb="0" cb="0"/><line nr="161" mi="0" ci="2" mb="0" cb="0"/><line nr="165" mi="0" ci="3" mb="0" cb="0"/><line nr="166" mi="0" ci="2" mb="0" cb="0"/><line nr="170" mi="0" ci="3" mb="0" cb="0"/><line nr="171" mi="0" ci="2" mb="0" cb="0"/><line nr="175" mi="0" ci="3" mb="0" cb="0"/><line nr="176" mi="0" ci="2" mb="0" cb="0"/><line nr="180" mi="0" ci="3" mb="0" cb="0"/><line nr="181" mi="0" ci="2" mb="0" cb="0"/><line nr="185" mi="0" ci="3" mb="0" cb="0"/><line nr="186" mi="0" ci="2" mb="0" cb="0"/><line nr="190" mi="0" ci="3" mb="0" cb="0"/><line nr="191" mi="0" ci="2" mb="0" cb="0"/><line nr="195" mi="0" ci="3" mb="0" cb="0"/><line nr="196" mi="0" ci="2" mb="0" cb="0"/><line nr="200" mi="0" ci="3" mb="0" cb="0"/><line nr="201" mi="0" ci="2" mb="0" cb="0"/><line nr="205" mi="0" ci="3" mb="0" cb="0"/><line nr="206" mi="0" ci="2" mb="0" cb="0"/><line nr="212" mi="0" ci="8" mb="0" cb="4"/><line nr="213" mi="0" ci="10" mb="0" cb="0"/><line nr="214" mi="0" ci="4" mb="0" cb="2"/><line nr="215" mi="0" ci="6" mb="0" cb="0"/><line nr="217" mi="0" ci="2" mb="0" cb="0"/><line nr="220" mi="0" ci="2" mb="0" cb="0"/><line nr="225" mi="0" ci="2" mb="0" cb="0"/><line nr="227" mi="0" ci="9" mb="0" cb="0"/><line nr="230" mi="0" ci="7" mb="0" cb="0"/><line nr="232" mi="0" ci="9" mb="0" cb="0"/><line nr="235" mi="0" ci="7" mb="0" cb="0"/><line nr="237" mi="0" ci="9" mb="0" cb="0"/><line nr="240" mi="0" ci="5" mb="0" cb="0"/><line nr="241" mi="0" ci="3" mb="0" cb="0"/><line nr="242" mi="0" ci="2" mb="0" cb="0"/><line nr="243" mi="0" ci="3" mb="0" cb="0"/><line nr="244" mi="0" ci="6" mb="0" cb="0"/><line nr="245" mi="0" ci="5" mb="0" cb="0"/><line nr="246" mi="0" ci="2" mb="0" cb="0"/><line nr="247" mi="0" ci="3" mb="0" cb="0"/><line nr="248" mi="0" ci="6" mb="0" cb="0"/><line nr="249" mi="0" ci="7" mb="0" cb="0"/><line nr="250" mi="0" ci="5" mb="0" cb="0"/><line nr="251" mi="0" ci="5" mb="0" cb="0"/><line nr="252" mi="0" ci="5" mb="0" cb="0"/><line nr="253" mi="0" ci="4" mb="0" cb="0"/><line nr="261" mi="0" ci="4" mb="0" cb="0"/><line nr="262" mi="0" ci="4" mb="0" cb="0"/><line nr="263" mi="0" ci="4" mb="0" cb="0"/><line nr="264" mi="0" ci="3" mb="0" cb="0"/><line nr="265" mi="0" ci="3" mb="0" cb="0"/><line nr="268" mi="0" ci="3" mb="0" cb="2"/><line nr="269" mi="0" ci="4" mb="0" cb="0"/><line nr="270" mi="0" ci="1" mb="0" cb="0"/><line nr="271" mi="0" ci="5" mb="0" cb="0"/><line nr="273" mi="0" ci="2" mb="0" cb="0"/><line nr="278" mi="0" ci="3" mb="0" cb="2"/><line nr="279" mi="0" ci="4" mb="0" cb="0"/><line nr="281" mi="0" ci="11" mb="0" cb="2"/><line nr="283" mi="0" ci="6" mb="0" cb="0"/><line nr="284" mi="0" ci="4" mb="0" cb="0"/><line nr="285" mi="0" ci="1" mb="0" cb="0"/><line nr="286" mi="0" ci="11" mb="0" cb="0"/><line nr="287" mi="0" ci="1" mb="0" cb="0"/><line nr="288" mi="0" ci="1" mb="0" cb="0"/><line nr="290" mi="0" ci="2" mb="0" cb="0"/><line nr="291" mi="0" ci="4" mb="0" cb="0"/><line nr="292" mi="0" ci="1" mb="0" cb="0"/><line nr="293" mi="0" ci="2" mb="0" cb="0"/><line nr="296" mi="0" ci="4" mb="0" cb="0"/><line nr="297" mi="0" ci="3" mb="0" cb="0"/><line nr="298" mi="0" ci="4" mb="0" cb="0"/><line nr="299" mi="0" ci="3" mb="0" cb="0"/><line nr="300" mi="0" ci="3" mb="0" cb="0"/><line nr="301" mi="0" ci="7" mb="0" cb="0"/><line nr="302" mi="0" ci="4" mb="0" cb="0"/><line nr="303" mi="0" ci="4" mb="0" cb="0"/><line nr="304" mi="0" ci="3" mb="0" cb="0"/><line nr="305" mi="0" ci="2" mb="0" cb="0"/><counter type="INSTRUCTION" missed="0" covered="400"/><counter type="BRANCH" missed="0" covered="12"/><counter type="LINE" missed="0" covered="116"/><counter type="COMPLEXITY" missed="0" covered="38"/><counter type="METHOD" missed="0" covered="32"/><counter type="CLASS" missed="0" covered="1"/></sourcefile><sourcefile name="SslTrustModeFactory.java"><line nr="12" mi="0" ci="4" mb="0" cb="0"/><line nr="13" mi="0" ci="4" mb="0" cb="0"/><line nr="15" mi="0" ci="5" mb="0" cb="0"/><line nr="16" mi="0" ci="5" mb="0" cb="0"/><line nr="17" mi="0" ci="5" mb="0" cb="0"/><line nr="18" mi="0" ci="5" mb="0" cb="0"/><line nr="19" mi="0" ci="5" mb="0" cb="0"/><line nr="20" mi="0" ci="5" mb="0" cb="0"/><line nr="21" mi="0" ci="1" mb="0" cb="0"/><line nr="25" mi="0" ci="6" mb="0" cb="0"/><counter type="INSTRUCTION" missed="0" covered="45"/><counter type="LINE" missed="0" covered="10"/><counter type="COMPLEXITY" missed="0" covered="3"/><counter type="METHOD" missed="0" covered="3"/><counter type="CLASS" missed="0" covered="2"/></sourcefile><counter type="INSTRUCTION" missed="0" covered="624"/><counter type="BRANCH" missed="0" covered="26"/><counter type="LINE" missed="0" covered="160"/><counter type="COMPLEXITY" missed="0" covered="57"/><counter type="METHOD" missed="0" covered="44"/><counter type="CLASS" missed="0" covered="5"/></package><counter type="INSTRUCTION" missed="32" covered="1881"/><counter type="BRANCH" missed="0" covered="42"/><counter type="LINE" missed="11" covered="544"/><counter type="COMPLEXITY" missed="2" covered="85"/><counter type="METHOD" missed="2" covered="64"/><counter type="CLASS" missed="1" covered="7"/></report>