GROUP,PACKAGE,CLASS,INSTRUCTION_MISSED,INSTRUCTION_COVERED,BRANCH_MISSED,BRANCH_COVERED,LINE_MISSED,LINE_COVERED,COMPLEXITY_MISSED,COMPLEXITY_COVERED,METHOD_MISSED,METHOD_COVERED
encryption-api,com.quorum.tessera.encryption,KeyNotFoundException,0,4,0,0,0,2,0,1,0,1
encryption-api,com.quorum.tessera.encryption,SharedKeyImpl,0,4,0,0,0,2,0,1,0,1
encryption-api,com.quorum.tessera.encryption,KeyPair,0,54,2,4,0,10,2,6,0,5
encryption-api,com.quorum.tessera.encryption,PrivateKey,0,5,0,0,0,1,0,1,0,1
encryption-api,com.quorum.tessera.encryption,PublicKeyImpl,0,4,0,0,0,2,0,1,0,1
encryption-api,com.quorum.tessera.encryption,PrivateKeyImpl,0,4,0,0,0,2,0,1,0,1
encryption-api,com.quorum.tessera.encryption,PublicKey,0,5,0,0,0,1,0,1,0,1
encryption-api,com.quorum.tessera.encryption,KeyManagerImpl,0,132,0,0,0,32,0,11,0,11
encryption-api,com.quorum.tessera.encryption,SharedKey,0,5,0,0,0,1,0,1,0,1
encryption-api,com.quorum.tessera.encryption,BaseKey,0,64,0,4,0,14,0,8,0,6
encryption-api,com.quorum.tessera.encryption,MasterKeyImpl,0,4,0,0,0,2,0,1,0,1
encryption-api,com.quorum.tessera.encryption,MasterKey,0,5,0,0,0,1,0,1,0,1
encryption-api,com.quorum.tessera.nacl,Nonce,0,38,0,4,0,7,0,7,0,5
encryption-api,com.quorum.tessera.nacl,KeyException,0,5,0,0,0,2,0,1,0,1
encryption-api,com.quorum.tessera.nacl,NaclFacadeFactory,0,6,0,0,0,1,0,1,0,1
encryption-api,com.quorum.tessera.nacl,NaclException,0,4,0,0,0,2,0,1,0,1
encryption-api,com.quorum.tessera.nacl,NaclFacade,0,27,0,0,0,6,0,3,0,3
