GROUP,PACKAGE,CLASS,INSTRUCTION_MISSED,INSTRUCTION_COVERED,BRANCH_MISSED,BRANCH_COVERED,LINE_MISSED,LINE_COVERED,COMPLEXITY_MISSED,COMPLEXITY_COVERED,METHOD_MISSED,METHOD_COVERED
cli-api,com.quorum.tessera.cli.parsers,ConfigurationMixin,0,10,0,0,0,4,0,3,0,3
cli-api,com.quorum.tessera.cli.parsers,PidFileMixin,0,68,0,4,0,14,0,6,0,4
cli-api,com.quorum.tessera.cli.parsers,ConfigConverter,0,41,0,2,0,7,0,3,0,2
cli-api,com.quorum.tessera.cli.parsers,PidFileParser,0,66,1,3,0,12,1,4,0,3
cli-api,com.quorum.tessera.cli.parsers,ConfigurationParser,0,115,0,14,0,24,0,11,0,4
cli-api,com.quorum.tessera.cli,CliException,0,4,0,0,0,2,0,1,0,1
cli-api,com.quorum.tessera.cli,CliAdapter,0,2,0,0,0,1,0,1,0,1
cli-api,com.quorum.tessera.cli,CliResult,0,24,0,0,0,8,0,4,0,4
cli-api,com.quorum.tessera.cli,CliType,0,44,0,0,0,2,0,1,0,1
cli-api,com.quorum.tessera.cli,CLIExceptionCapturer,0,11,0,0,0,4,0,3,0,3
cli-api,com.quorum.tessera.cli,CliDelegate,0,141,0,6,0,39,0,11,0,8
cli-api,com.quorum.tessera.cli.keypassresolver,CliKeyPasswordResolver,0,191,1,27,0,45,1,19,0,6
