GROUP,PACKAGE,CLASS,INSTRUCTION_MISSED,INSTRUCTION_COVERED,BRANCH_MISSED,BRANCH_COVERED,LINE_MISSED,LINE_COVERED,COMPLEXITY_MISSED,COMPLEXITY_COVERED,METHOD_MISSED,METHOD_COVERED
hashicorp-key-vault,com.quorum.tessera.key.vault.hashicorp,HashicorpKeyVaultService,0,131,0,10,0,20,0,8,0,3
hashicorp-key-vault,com.quorum.tessera.key.vault.hashicorp,HashicorpKeyVaultServiceFactory,0,145,0,8,0,31,0,10,0,6
hashicorp-key-vault,com.quorum.tessera.key.vault.hashicorp,KeyValueOperationsDelegateFactory,12,6,0,0,2,3,1,1,1,1
hashicorp-key-vault,com.quorum.tessera.key.vault.hashicorp,KeyValueOperationsDelegate,0,23,0,0,0,5,0,3,0,3
hashicorp-key-vault,com.quorum.tessera.key.vault.hashicorp,HashicorpVaultException,0,8,0,0,0,4,0,2,0,2
hashicorp-key-vault,com.quorum.tessera.key.vault.hashicorp,HashicorpCredentialNotSetException,0,4,0,0,0,2,0,1,0,1
hashicorp-key-vault,com.quorum.tessera.key.vault.hashicorp,HashicorpKeyVaultServiceFactoryUtil,0,123,1,13,0,30,1,10,0,4
